#-----------------------------------------------------------
# Vivado v2018.1 (64-bit)
# SW Build 2188600 on Wed Apr  4 18:40:38 MDT 2018
# IP Build 2185939 on Wed Apr  4 20:55:05 MDT 2018
# Start of session at: Tue Jun 18 07:19:31 2024
# Process ID: 14980
# Current directory: D:/CESE_UBA/Mysoft/Pro_final_pwm/Sintesis_2
# Command line: vivado.exe -gui_launcher_event rodinguilauncherevent11668 D:\CESE_UBA\Mysoft\Pro_final_pwm\Sintesis_2\pwm_2.xpr
# Log file: D:/CESE_UBA/Mysoft/Pro_final_pwm/Sintesis_2/vivado.log
# Journal file: D:/CESE_UBA/Mysoft/Pro_final_pwm/Sintesis_2\vivado.jou
#-----------------------------------------------------------
start_gui
open_project D:/CESE_UBA/Mysoft/Pro_final_pwm/Sintesis_2/pwm_2.xpr
Scanning sources...
Finished scanning sources
INFO: [IP_Flow 19-234] Refreshing IP repositories
INFO: [IP_Flow 19-1700] Loaded user IP repository 'd:/CESE_UBA/Mysoft/Pro_final_pwm/Ip_pwm'.
INFO: [IP_Flow 19-2313] Loaded Vivado IP repository 'E:/Vivado/Vivado/2018.1/data/ip'.
open_project: Time (s): cpu = 00:00:14 ; elapsed = 00:00:10 . Memory (MB): peak = 919.000 ; gain = 138.590
update_compile_order -fileset sources_1
open_bd_design {D:/CESE_UBA/Mysoft/Pro_final_pwm/Sintesis_2/pwm_2.srcs/sources_1/bd/sistema/sistema.bd}
Adding cell -- xilinx.com:ip:processing_system7:5.5 - processing_system7_0
Adding cell -- xilinx.com:user:pwm_2ip:1.0 - pwm_2ip_0
Adding cell -- xilinx.com:ip:proc_sys_reset:5.0 - rst_ps7_0_100M
Adding cell -- xilinx.com:ip:clk_wiz:6.0 - clk_wiz_0
Adding cell -- xilinx.com:ip:ila:6.2 - ila_0
INFO: [xilinx.com:ip:ila:6.2-6] /ila_0: Xilinx recommends using the System ILA IP in IP Integrator. The System ILA IP is functionally equivalent to an ILA and offers additional benefits in debugging interfaces both within IP Integrator and the Hardware Manager. Consult the Programming and Debug User Guide UG908 for further details.
Adding cell -- xilinx.com:ip:axi_protocol_converter:2.1 - auto_pc
Successfully read diagram <sistema> from BD file <D:/CESE_UBA/Mysoft/Pro_final_pwm/Sintesis_2/pwm_2.srcs/sources_1/bd/sistema/sistema.bd>
open_bd_design: Time (s): cpu = 00:00:05 ; elapsed = 00:00:07 . Memory (MB): peak = 970.480 ; gain = 50.160
exit
INFO: [Common 17-206] Exiting Vivado at Tue Jun 18 07:37:12 2024...
