#-----------------------------------------------------------
# Vivado v2018.1 (64-bit)
# SW Build 2188600 on Wed Apr  4 18:40:38 MDT 2018
# IP Build 2185939 on Wed Apr  4 20:55:05 MDT 2018
# Start of session at: Sun Jun 16 23:33:13 2024
# Process ID: 13108
# Current directory: D:/CESE_UBA/Mysoft/Pro_final_pwm/Sintesis
# Command line: vivado.exe -gui_launcher_event rodinguilauncherevent22760 D:\CESE_UBA\Mysoft\Pro_final_pwm\Sintesis\project_pwm.xpr
# Log file: D:/CESE_UBA/Mysoft/Pro_final_pwm/Sintesis/vivado.log
# Journal file: D:/CESE_UBA/Mysoft/Pro_final_pwm/Sintesis\vivado.jou
#-----------------------------------------------------------
start_gui
open_project D:/CESE_UBA/Mysoft/Pro_final_pwm/Sintesis/project_pwm.xpr
INFO: [Project 1-313] Project file moved from 'D:/CESE UBA/Mysoft/Pro_final_pwm/Sintesis' since last save.
Scanning sources...
Finished scanning sources
INFO: [IP_Flow 19-234] Refreshing IP repositories
INFO: [IP_Flow 19-1700] Loaded user IP repository 'd:/CESE_UBA/Mysoft/Pro_final_pwm/Ip_pwm'.
INFO: [IP_Flow 19-2313] Loaded Vivado IP repository 'E:/Vivado/Vivado/2018.1/data/ip'.
open_project: Time (s): cpu = 00:00:12 ; elapsed = 00:00:07 . Memory (MB): peak = 951.156 ; gain = 181.934
update_compile_order -fileset sources_1
export_ip_user_files -of_objects  [get_files D:/CESE_UBA/Mysoft/Pro_final_pwm/Sintesis/project_pwm.srcs/sources_1/bd/sistema/hdl/sistema_wrapper.vhd] -no_script -reset -force -quiet
remove_files  D:/CESE_UBA/Mysoft/Pro_final_pwm/Sintesis/project_pwm.srcs/sources_1/bd/sistema/hdl/sistema_wrapper.vhd
reset_run synth_1
launch_runs impl_1 -to_step write_bitstream -jobs 2
CRITICAL WARNING: [filemgmt 20-730] Could not find a top module in the fileset sources_1.
Resolution: With the gui up, review the source files in the Sources window. Use Add Sources to add any needed sources. If the files are disabled, enable them. You can also select the file and choose Set Used In from the pop-up menu. Review if they are being used at the proper points of the flow.
ERROR: [Common 17-70] Application Exception: Top module not set for fileset 'sources_1'. Please ensure that a valid value is provided for 'top'. The value for 'top' can be set/changed using the 'Top Module Name' field under 'Project Settings', or using the 'set_property top' Tcl command (e.g. set_property top <name> [current_fileset]).
launch_runs impl_1 -to_step write_bitstream -jobs 2
CRITICAL WARNING: [filemgmt 20-730] Could not find a top module in the fileset sources_1.
Resolution: With the gui up, review the source files in the Sources window. Use Add Sources to add any needed sources. If the files are disabled, enable them. You can also select the file and choose Set Used In from the pop-up menu. Review if they are being used at the proper points of the flow.
ERROR: [Common 17-70] Application Exception: Top module not set for fileset 'sources_1'. Please ensure that a valid value is provided for 'top'. The value for 'top' can be set/changed using the 'Top Module Name' field under 'Project Settings', or using the 'set_property top' Tcl command (e.g. set_property top <name> [current_fileset]).
exit
INFO: [Common 17-206] Exiting Vivado at Sun Jun 16 23:34:37 2024...
