#-----------------------------------------------------------
# Vivado v2018.1 (64-bit)
# SW Build 2188600 on Wed Apr  4 18:40:38 MDT 2018
# IP Build 2185939 on Wed Apr  4 20:55:05 MDT 2018
# Start of session at: Sun Jun 16 22:10:20 2024
# Process ID: 25308
# Current directory: D:/CESE UBA/Mysoft/Pro_final_pwm/Sintesis
# Command line: vivado.exe -gui_launcher_event rodinguilauncherevent25464 D:\CESE UBA\Mysoft\Pro_final_pwm\Sintesis\project_pwm.xpr
# Log file: D:/CESE UBA/Mysoft/Pro_final_pwm/Sintesis/vivado.log
# Journal file: D:/CESE UBA/Mysoft/Pro_final_pwm/Sintesis\vivado.jou
#-----------------------------------------------------------
start_gui
open_project {D:/CESE UBA/Mysoft/Pro_final_pwm/Sintesis/project_pwm.xpr}
Scanning sources...
Finished scanning sources
INFO: [IP_Flow 19-234] Refreshing IP repositories
INFO: [IP_Flow 19-1700] Loaded user IP repository 'd:/CESE UBA/Mysoft/Pro_final_pwm/Ip_pwm'.
INFO: [IP_Flow 19-2313] Loaded Vivado IP repository 'E:/Vivado/Vivado/2018.1/data/ip'.
update_compile_order -fileset sources_1
open_bd_design {D:/CESE UBA/Mysoft/Pro_final_pwm/Sintesis/project_pwm.srcs/sources_1/bd/sistema/sistema.bd}
Adding cell -- xilinx.com:ip:processing_system7:5.5 - processing_system7_0
Successfully read diagram <sistema> from BD file <D:/CESE UBA/Mysoft/Pro_final_pwm/Sintesis/project_pwm.srcs/sources_1/bd/sistema/sistema.bd>
open_bd_design: Time (s): cpu = 00:00:09 ; elapsed = 00:00:06 . Memory (MB): peak = 940.840 ; gain = 76.641
exit
INFO: [Common 17-206] Exiting Vivado at Sun Jun 16 22:11:06 2024...
