#-----------------------------------------------------------
# Vivado v2018.1 (64-bit)
# SW Build 2188600 on Wed Apr  4 18:40:38 MDT 2018
# IP Build 2185939 on Wed Apr  4 20:55:05 MDT 2018
# Start of session at: Sun Jun 16 23:29:45 2024
# Process ID: 13452
# Current directory: D:/CESE UBA/Mysoft/Pro_final_pwm/Sintesis
# Command line: vivado.exe -gui_launcher_event rodinguilauncherevent20464 D:\CESE UBA\Mysoft\Pro_final_pwm\Sintesis\project_pwm.xpr
# Log file: D:/CESE UBA/Mysoft/Pro_final_pwm/Sintesis/vivado.log
# Journal file: D:/CESE UBA/Mysoft/Pro_final_pwm/Sintesis\vivado.jou
#-----------------------------------------------------------
start_gui
open_project {D:/CESE UBA/Mysoft/Pro_final_pwm/Sintesis/project_pwm.xpr}
Scanning sources...
Finished scanning sources
INFO: [IP_Flow 19-234] Refreshing IP repositories
INFO: [IP_Flow 19-1700] Loaded user IP repository 'd:/CESE UBA/Mysoft/Pro_final_pwm/Ip_pwm'.
INFO: [IP_Flow 19-2313] Loaded Vivado IP repository 'E:/Vivado/Vivado/2018.1/data/ip'.
open_project: Time (s): cpu = 00:00:14 ; elapsed = 00:00:07 . Memory (MB): peak = 959.078 ; gain = 197.414
update_compile_order -fileset sources_1
file copy -force {D:/CESE UBA/Mysoft/Pro_final_pwm/Sintesis/project_pwm.runs/impl_1/sistema_wrapper.sysdef} {D:/CESE UBA/Mysoft/Pro_final_pwm/Sintesis/project_pwm.sdk/sistema_wrapper.hdf}

launch_sdk -workspace {D:/CESE UBA/Mysoft/Pro_final_pwm/Sintesis/project_pwm.sdk} -hwspec {D:/CESE UBA/Mysoft/Pro_final_pwm/Sintesis/project_pwm.sdk/sistema_wrapper.hdf}
INFO: [Vivado 12-393] Launching SDK...
INFO: [Vivado 12-417] Running xsdk -workspace D:/CESE UBA/Mysoft/Pro_final_pwm/Sintesis/project_pwm.sdk -hwspec D:/CESE UBA/Mysoft/Pro_final_pwm/Sintesis/project_pwm.sdk/sistema_wrapper.hdf
INFO: [Vivado 12-3157] SDK launch initiated. Please check console for any further messages.
exit
INFO: [Common 17-206] Exiting Vivado at Sun Jun 16 23:32:13 2024...
