#-----------------------------------------------------------
# Vivado v2018.1 (64-bit)
# SW Build 2188600 on Wed Apr  4 18:40:38 MDT 2018
# IP Build 2185939 on Wed Apr  4 20:55:05 MDT 2018
# Start of session at: Mon Jun 17 21:40:11 2024
# Process ID: 18908
# Current directory: D:/CESE_UBA/Mysoft/Pro_final_pwm/Ip_pwm/managed_ip_project
# Command line: vivado.exe -gui_launcher_event rodinguilauncherevent10056 D:\CESE_UBA\Mysoft\Pro_final_pwm\Ip_pwm\managed_ip_project\managed_ip_project.xpr
# Log file: D:/CESE_UBA/Mysoft/Pro_final_pwm/Ip_pwm/managed_ip_project/vivado.log
# Journal file: D:/CESE_UBA/Mysoft/Pro_final_pwm/Ip_pwm/managed_ip_project\vivado.jou
#-----------------------------------------------------------
start_gui
open_project D:/CESE_UBA/Mysoft/Pro_final_pwm/Ip_pwm/managed_ip_project/managed_ip_project.xpr
INFO: [Project 1-313] Project file moved from 'D:/CESE UBA/Mysoft/Pro_final_pwm/Ip_pwm/managed_ip_project' since last save.
Scanning sources...
Finished scanning sources
INFO: [IP_Flow 19-234] Refreshing IP repositories
INFO: [IP_Flow 19-1700] Loaded user IP repository 'd:/CESE_UBA/Mysoft/Pro_final_pwm/Ip_pwm/ip_repo/pwm_ip_1.0'.
INFO: [IP_Flow 19-2313] Loaded Vivado IP repository 'E:/Vivado/Vivado/2018.1/data/ip'.
open_project: Time (s): cpu = 00:00:09 ; elapsed = 00:00:07 . Memory (MB): peak = 834.828 ; gain = 37.930
create_peripheral xilinx.com user pwm_2ip 1.0 -dir D:/CESE_UBA/Mysoft/Pro_final_pwm/Ip_pwm/managed_ip_project/../ip_repo
add_peripheral_interface S00_AXI -interface_mode slave -axi_type lite [ipx::find_open_core xilinx.com:user:pwm_2ip:1.0]
generate_peripheral -driver -bfm_example_design -debug_hw_example_design [ipx::find_open_core xilinx.com:user:pwm_2ip:1.0]
write_peripheral [ipx::find_open_core xilinx.com:user:pwm_2ip:1.0]
set_property  ip_repo_paths  {D:/CESE_UBA/Mysoft/Pro_final_pwm/Ip_pwm/managed_ip_project/../ip_repo/pwm_2ip_1.0 D:/CESE_UBA/Mysoft/Pro_final_pwm/Ip_pwm/ip_repo/pwm_ip_1.0} [current_project]
update_ip_catalog -rebuild
INFO: [IP_Flow 19-234] Refreshing IP repositories
INFO: [IP_Flow 19-1700] Loaded user IP repository 'd:/CESE_UBA/Mysoft/Pro_final_pwm/Ip_pwm/ip_repo/pwm_2ip_1.0'.
INFO: [IP_Flow 19-1700] Loaded user IP repository 'd:/CESE_UBA/Mysoft/Pro_final_pwm/Ip_pwm/ip_repo/pwm_ip_1.0'.
ipx::edit_ip_in_project -upgrade true -name edit_pwm_2ip_v1_0 -directory D:/CESE_UBA/Mysoft/Pro_final_pwm/Ip_pwm/managed_ip_project/../ip_repo d:/CESE_UBA/Mysoft/Pro_final_pwm/Ip_pwm/ip_repo/pwm_2ip_1.0/component.xml
INFO: [IP_Flow 19-234] Refreshing IP repositories
INFO: [IP_Flow 19-1704] No user IP repositories specified
INFO: [IP_Flow 19-2313] Loaded Vivado IP repository 'E:/Vivado/Vivado/2018.1/data/ip'.
INFO: [IP_Flow 19-234] Refreshing IP repositories
INFO: [IP_Flow 19-1700] Loaded user IP repository 'd:/CESE_UBA/Mysoft/Pro_final_pwm/Ip_pwm/ip_repo/pwm_2ip_1.0'.
INFO: [IP_Flow 19-1700] Loaded user IP repository 'd:/CESE_UBA/Mysoft/Pro_final_pwm/Ip_pwm/ip_repo/pwm_ip_1.0'.
INFO: [IP_Flow 19-795] Syncing license key meta-data
ipx::edit_ip_in_project: Time (s): cpu = 00:00:09 ; elapsed = 00:00:05 . Memory (MB): peak = 899.336 ; gain = 29.172
update_compile_order -fileset sources_1
add_files -norecurse -copy_to d:/CESE_UBA/Mysoft/Pro_final_pwm/Ip_pwm/ip_repo/pwm_2ip_1.0/src {D:/CESE_UBA/Mysoft/Pro_final_pwm/Fuentes_VHDL/contBCD.vhd D:/CESE_UBA/Mysoft/Pro_final_pwm/Fuentes_VHDL/reg.vhd D:/CESE_UBA/Mysoft/Pro_final_pwm/Fuentes_VHDL/pwm.vhd}
update_compile_order -fileset sources_1
ipx::merge_project_changes files [ipx::current_core]
WARNING: [IP_Flow 19-5226] Project source file 'd:/CESE_UBA/Mysoft/Pro_final_pwm/Ip_pwm/ip_repo/pwm_2ip_1.0/component.xml' ignored by IP packager.
ipx::merge_project_changes hdl_parameters [ipx::current_core]
WARNING: [IP_Flow 19-5226] Project source file 'd:/CESE_UBA/Mysoft/Pro_final_pwm/Ip_pwm/ip_repo/pwm_2ip_1.0/component.xml' ignored by IP packager.
INFO: [IP_Flow 19-5107] Inferred bus interface 'clk' of definition 'xilinx.com:signal:clock:1.0' (from Xilinx Repository).
INFO: [IP_Flow 19-3166] Bus Interface 'S00_AXI': References existing memory map 'S00_AXI'.
set_property core_revision 2 [ipx::current_core]
ipx::update_source_project_archive -component [ipx::current_core]
ipx::create_xgui_files [ipx::current_core]
ipx::update_checksums [ipx::current_core]
ipx::save_core [ipx::current_core]
ipx::move_temp_component_back -component [ipx::current_core]
close_project -delete
update_ip_catalog -rebuild -repo_path d:/CESE_UBA/Mysoft/Pro_final_pwm/Ip_pwm/ip_repo/pwm_2ip_1.0
INFO: [IP_Flow 19-725] Reloaded user IP repository 'd:/CESE_UBA/Mysoft/Pro_final_pwm/Ip_pwm/ip_repo/pwm_2ip_1.0'
create_peripheral xilinx.com user pwm_3ip 1.0 -dir D:/CESE_UBA/Mysoft/Pro_final_pwm/Ip_pwm/managed_ip_project/../ip_repo
add_peripheral_interface S00_AXI -interface_mode slave -axi_type lite [ipx::find_open_core xilinx.com:user:pwm_3ip:1.0]
generate_peripheral -driver -bfm_example_design -debug_hw_example_design [ipx::find_open_core xilinx.com:user:pwm_3ip:1.0]
write_peripheral [ipx::find_open_core xilinx.com:user:pwm_3ip:1.0]
set_property  ip_repo_paths  {D:/CESE_UBA/Mysoft/Pro_final_pwm/Ip_pwm/managed_ip_project/../ip_repo/pwm_3ip_1.0 D:/CESE_UBA/Mysoft/Pro_final_pwm/Ip_pwm/ip_repo/pwm_2ip_1.0 D:/CESE_UBA/Mysoft/Pro_final_pwm/Ip_pwm/ip_repo/pwm_ip_1.0} [current_project]
update_ip_catalog -rebuild
INFO: [IP_Flow 19-234] Refreshing IP repositories
INFO: [IP_Flow 19-1700] Loaded user IP repository 'd:/CESE_UBA/Mysoft/Pro_final_pwm/Ip_pwm/ip_repo/pwm_3ip_1.0'.
INFO: [IP_Flow 19-1700] Loaded user IP repository 'd:/CESE_UBA/Mysoft/Pro_final_pwm/Ip_pwm/ip_repo/pwm_2ip_1.0'.
INFO: [IP_Flow 19-1700] Loaded user IP repository 'd:/CESE_UBA/Mysoft/Pro_final_pwm/Ip_pwm/ip_repo/pwm_ip_1.0'.
ipx::edit_ip_in_project -upgrade true -name edit_pwm_3ip_v1_0 -directory D:/CESE_UBA/Mysoft/Pro_final_pwm/Ip_pwm/managed_ip_project/../ip_repo d:/CESE_UBA/Mysoft/Pro_final_pwm/Ip_pwm/ip_repo/pwm_3ip_1.0/component.xml
INFO: [IP_Flow 19-234] Refreshing IP repositories
INFO: [IP_Flow 19-1704] No user IP repositories specified
INFO: [IP_Flow 19-2313] Loaded Vivado IP repository 'E:/Vivado/Vivado/2018.1/data/ip'.
INFO: [IP_Flow 19-234] Refreshing IP repositories
INFO: [IP_Flow 19-1700] Loaded user IP repository 'd:/CESE_UBA/Mysoft/Pro_final_pwm/Ip_pwm/ip_repo/pwm_3ip_1.0'.
INFO: [IP_Flow 19-1700] Loaded user IP repository 'd:/CESE_UBA/Mysoft/Pro_final_pwm/Ip_pwm/ip_repo/pwm_2ip_1.0'.
INFO: [IP_Flow 19-1700] Loaded user IP repository 'd:/CESE_UBA/Mysoft/Pro_final_pwm/Ip_pwm/ip_repo/pwm_ip_1.0'.
INFO: [IP_Flow 19-795] Syncing license key meta-data
update_compile_order -fileset sources_1
add_files -norecurse -copy_to d:/CESE_UBA/Mysoft/Pro_final_pwm/Ip_pwm/ip_repo/pwm_3ip_1.0/src {D:/CESE_UBA/Mysoft/Pro_final_pwm/Fuentes_VHDL/contBCD.vhd D:/CESE_UBA/Mysoft/Pro_final_pwm/Fuentes_VHDL/reg.vhd D:/CESE_UBA/Mysoft/Pro_final_pwm/Fuentes_VHDL/pwm.vhd}
update_compile_order -fileset sources_1
ipx::merge_project_changes files [ipx::current_core]
WARNING: [IP_Flow 19-5226] Project source file 'd:/CESE_UBA/Mysoft/Pro_final_pwm/Ip_pwm/ip_repo/pwm_3ip_1.0/component.xml' ignored by IP packager.
ipx::merge_project_changes hdl_parameters [ipx::current_core]
WARNING: [IP_Flow 19-5226] Project source file 'd:/CESE_UBA/Mysoft/Pro_final_pwm/Ip_pwm/ip_repo/pwm_3ip_1.0/component.xml' ignored by IP packager.
INFO: [IP_Flow 19-3166] Bus Interface 'S00_AXI': References existing memory map 'S00_AXI'.
set_property core_revision 2 [ipx::current_core]
ipx::update_source_project_archive -component [ipx::current_core]
ipx::create_xgui_files [ipx::current_core]
ipx::update_checksums [ipx::current_core]
ipx::save_core [ipx::current_core]
ipx::move_temp_component_back -component [ipx::current_core]
close_project -delete
update_ip_catalog -rebuild -repo_path d:/CESE_UBA/Mysoft/Pro_final_pwm/Ip_pwm/ip_repo/pwm_3ip_1.0
INFO: [IP_Flow 19-725] Reloaded user IP repository 'd:/CESE_UBA/Mysoft/Pro_final_pwm/Ip_pwm/ip_repo/pwm_3ip_1.0'
exit
INFO: [Common 17-206] Exiting Vivado at Tue Jun 18 00:35:20 2024...
