00:49:31 INFO  : Registering command handlers for SDK TCF services
00:49:32 INFO  : Launching XSCT server: xsct.bat -interactive D:\CESE_UBA\Mysoft\Pro_final_pwm\Sintesis_3\pwm_3.sdk\temp_xsdb_launch_script.tcl
00:49:34 INFO  : XSCT server has started successfully.
00:49:34 INFO  : Successfully done setting XSCT server connection channel  
00:49:34 INFO  : Successfully done setting SDK workspace  
00:49:34 INFO  : Processing command line option -hwspec D:/CESE_UBA/Mysoft/Pro_final_pwm/Sintesis_3/pwm_3.sdk/sist_wrapper.hdf.
00:54:48 INFO  : Connected to target on host 'lseserver.ddns.net' and port '3121'.
00:54:58 INFO  : Connected to target on host 'lseserver.ddns.net' and port '3121'.
00:55:06 INFO  : 'targets -set -filter {jtag_cable_name =~ "Digilent Arty Z7 003017A4C81CA" && level==0} -index 1' command is executed.
00:55:07 INFO  : 'fpga -state' command is executed.
00:55:07 INFO  : Connected to target on host 'lseserver.ddns.net' and port '3121'.
00:55:07 WARN  : SDK version '2018.1' doesn't match hw_server version '2023.2'. Some debug features may not work.
00:55:08 INFO  : Jtag cable 'Digilent Arty Z7 003017A4C81CA' is selected.
00:55:08 INFO  : 'jtag frequency' command is executed.
00:55:08 INFO  : Sourcing of 'D:/CESE_UBA/Mysoft/Pro_final_pwm/Sintesis_3/pwm_3.sdk/sist_wrapper_hw_platform_0/ps7_init.tcl' is done.
00:55:08 INFO  : Context for 'APU' is selected.
00:55:09 INFO  : Hardware design information is loaded from 'D:/CESE_UBA/Mysoft/Pro_final_pwm/Sintesis_3/pwm_3.sdk/sist_wrapper_hw_platform_0/system.hdf'.
00:55:09 INFO  : 'configparams force-mem-access 1' command is executed.
00:55:09 INFO  : Context for 'APU' is selected.
00:55:10 INFO  : 'stop' command is executed.
00:55:55 INFO  : 'ps7_init' command is executed.
00:55:55 INFO  : 'ps7_post_config' command is executed.
00:55:56 INFO  : Context for processor 'ps7_cortexa9_0' is selected.
00:55:56 INFO  : Processor reset is completed for 'ps7_cortexa9_0'.
00:55:56 INFO  : Context for processor 'ps7_cortexa9_0' is selected.
00:55:57 INFO  : The application 'D:/CESE_UBA/Mysoft/Pro_final_pwm/Sintesis_3/pwm_3.sdk/pwm3_test/Debug/pwm3_test.elf' is downloaded to processor 'ps7_cortexa9_0'.
00:55:57 INFO  : 'configparams force-mem-access 0' command is executed.
00:55:57 INFO  : ----------------XSDB Script----------------
connect -url tcp:lseserver.ddns.net:3121
source D:/CESE_UBA/Mysoft/Pro_final_pwm/Sintesis_3/pwm_3.sdk/sist_wrapper_hw_platform_0/ps7_init.tcl
targets -set -nocase -filter {name =~"APU*" && jtag_cable_name =~ "Digilent Arty Z7 003017A4C81CA"} -index 0
loadhw -hw D:/CESE_UBA/Mysoft/Pro_final_pwm/Sintesis_3/pwm_3.sdk/sist_wrapper_hw_platform_0/system.hdf -mem-ranges [list {0x40000000 0xbfffffff}]
configparams force-mem-access 1
targets -set -nocase -filter {name =~"APU*" && jtag_cable_name =~ "Digilent Arty Z7 003017A4C81CA"} -index 0
stop
ps7_init
ps7_post_config
targets -set -nocase -filter {name =~ "ARM*#0" && jtag_cable_name =~ "Digilent Arty Z7 003017A4C81CA"} -index 0
rst -processor
targets -set -nocase -filter {name =~ "ARM*#0" && jtag_cable_name =~ "Digilent Arty Z7 003017A4C81CA"} -index 0
dow D:/CESE_UBA/Mysoft/Pro_final_pwm/Sintesis_3/pwm_3.sdk/pwm3_test/Debug/pwm3_test.elf
configparams force-mem-access 0
----------------End of Script----------------

00:55:58 INFO  : Memory regions updated for context APU
00:55:58 INFO  : Context for processor 'ps7_cortexa9_0' is selected.
00:55:58 INFO  : 'con' command is executed.
00:55:58 INFO  : ----------------XSDB Script (After Launch)----------------
targets -set -nocase -filter {name =~ "ARM*#0" && jtag_cable_name =~ "Digilent Arty Z7 003017A4C81CA"} -index 0
con
----------------End of Script----------------

00:55:58 INFO  : Launch script is exported to file 'D:\CESE_UBA\Mysoft\Pro_final_pwm\Sintesis_3\pwm_3.sdk\.sdk\launch_scripts\xilinx_c-c++_application_(system_debugger)\system_debugger_using_debug_pwm3_test.elf_on_local.tcl'
00:56:50 INFO  : Disconnected from the channel tcfchan#1.
00:56:54 INFO  : 'targets -set -filter {jtag_cable_name =~ "Digilent Arty Z7 003017A4C81CA" && level==0} -index 1' command is executed.
00:56:54 INFO  : 'fpga -state' command is executed.
00:56:54 INFO  : Connected to target on host 'lseserver.ddns.net' and port '3121'.
00:56:55 WARN  : SDK version '2018.1' doesn't match hw_server version '2023.2'. Some debug features may not work.
00:57:03 INFO  : Jtag cable 'Digilent Arty Z7 003017A4C81CA' is selected.
00:57:03 INFO  : 'jtag frequency' command is executed.
00:57:03 INFO  : Sourcing of 'D:/CESE_UBA/Mysoft/Pro_final_pwm/Sintesis_3/pwm_3.sdk/sist_wrapper_hw_platform_0/ps7_init.tcl' is done.
00:57:03 INFO  : Context for 'APU' is selected.
00:57:05 INFO  : Hardware design information is loaded from 'D:/CESE_UBA/Mysoft/Pro_final_pwm/Sintesis_3/pwm_3.sdk/sist_wrapper_hw_platform_0/system.hdf'.
00:57:05 INFO  : 'configparams force-mem-access 1' command is executed.
00:57:06 INFO  : Context for 'APU' is selected.
00:57:06 INFO  : 'stop' command is executed.
00:57:44 INFO  : 'ps7_init' command is executed.
00:57:45 INFO  : 'ps7_post_config' command is executed.
00:57:45 INFO  : Context for processor 'ps7_cortexa9_0' is selected.
00:57:46 INFO  : Processor reset is completed for 'ps7_cortexa9_0'.
00:57:46 INFO  : Context for processor 'ps7_cortexa9_0' is selected.
00:57:46 INFO  : The application 'D:/CESE_UBA/Mysoft/Pro_final_pwm/Sintesis_3/pwm_3.sdk/pwm3_test/Debug/pwm3_test.elf' is downloaded to processor 'ps7_cortexa9_0'.
00:57:46 INFO  : 'configparams force-mem-access 0' command is executed.
00:57:46 INFO  : ----------------XSDB Script----------------
connect -url tcp:lseserver.ddns.net:3121
source D:/CESE_UBA/Mysoft/Pro_final_pwm/Sintesis_3/pwm_3.sdk/sist_wrapper_hw_platform_0/ps7_init.tcl
targets -set -nocase -filter {name =~"APU*" && jtag_cable_name =~ "Digilent Arty Z7 003017A4C81CA"} -index 0
loadhw -hw D:/CESE_UBA/Mysoft/Pro_final_pwm/Sintesis_3/pwm_3.sdk/sist_wrapper_hw_platform_0/system.hdf -mem-ranges [list {0x40000000 0xbfffffff}]
configparams force-mem-access 1
targets -set -nocase -filter {name =~"APU*" && jtag_cable_name =~ "Digilent Arty Z7 003017A4C81CA"} -index 0
stop
ps7_init
ps7_post_config
targets -set -nocase -filter {name =~ "ARM*#0" && jtag_cable_name =~ "Digilent Arty Z7 003017A4C81CA"} -index 0
rst -processor
targets -set -nocase -filter {name =~ "ARM*#0" && jtag_cable_name =~ "Digilent Arty Z7 003017A4C81CA"} -index 0
dow D:/CESE_UBA/Mysoft/Pro_final_pwm/Sintesis_3/pwm_3.sdk/pwm3_test/Debug/pwm3_test.elf
configparams force-mem-access 0
----------------End of Script----------------

00:57:47 INFO  : Memory regions updated for context APU
00:57:47 INFO  : Context for processor 'ps7_cortexa9_0' is selected.
00:57:48 INFO  : 'con' command is executed.
00:57:48 INFO  : ----------------XSDB Script (After Launch)----------------
targets -set -nocase -filter {name =~ "ARM*#0" && jtag_cable_name =~ "Digilent Arty Z7 003017A4C81CA"} -index 0
con
----------------End of Script----------------

00:57:48 INFO  : Launch script is exported to file 'D:\CESE_UBA\Mysoft\Pro_final_pwm\Sintesis_3\pwm_3.sdk\.sdk\launch_scripts\xilinx_c-c++_application_(system_debugger)\system_debugger_using_debug_pwm3_test.elf_on_local.tcl'
01:09:38 INFO  : Disconnected from the channel tcfchan#2.
01:09:40 INFO  : 'targets -set -filter {jtag_cable_name =~ "Digilent Arty Z7 003017A4C81CA" && level==0} -index 1' command is executed.
01:09:40 INFO  : 'fpga -state' command is executed.
01:09:40 INFO  : Connected to target on host 'lseserver.ddns.net' and port '3121'.
01:09:40 WARN  : SDK version '2018.1' doesn't match hw_server version '2023.2'. Some debug features may not work.
01:09:44 INFO  : Jtag cable 'Digilent Arty Z7 003017A4C81CA' is selected.
01:09:44 INFO  : 'jtag frequency' command is executed.
01:09:44 INFO  : Sourcing of 'D:/CESE_UBA/Mysoft/Pro_final_pwm/Sintesis_3/pwm_3.sdk/sist_wrapper_hw_platform_0/ps7_init.tcl' is done.
01:09:45 INFO  : Context for 'APU' is selected.
01:09:48 INFO  : Hardware design information is loaded from 'D:/CESE_UBA/Mysoft/Pro_final_pwm/Sintesis_3/pwm_3.sdk/sist_wrapper_hw_platform_0/system.hdf'.
01:09:48 INFO  : 'configparams force-mem-access 1' command is executed.
01:09:48 INFO  : Context for 'APU' is selected.
01:09:48 INFO  : 'stop' command is executed.
01:09:49 ERROR : Memory read error at 0xF8007080. AHB AP transaction error, DAP status 0xF0000021
01:09:49 INFO  : ----------------XSDB Script----------------
connect -url tcp:lseserver.ddns.net:3121
source D:/CESE_UBA/Mysoft/Pro_final_pwm/Sintesis_3/pwm_3.sdk/sist_wrapper_hw_platform_0/ps7_init.tcl
targets -set -nocase -filter {name =~"APU*" && jtag_cable_name =~ "Digilent Arty Z7 003017A4C81CA"} -index 0
loadhw -hw D:/CESE_UBA/Mysoft/Pro_final_pwm/Sintesis_3/pwm_3.sdk/sist_wrapper_hw_platform_0/system.hdf -mem-ranges [list {0x40000000 0xbfffffff}]
configparams force-mem-access 1
targets -set -nocase -filter {name =~"APU*" && jtag_cable_name =~ "Digilent Arty Z7 003017A4C81CA"} -index 0
stop
ps7_init
----------------End of Script----------------

